[22:42:10] [ServerMain/INFO]: Environment: authHost='https://authserver.mojang.com', accountsHost='https://api.mojang.com', sessionHost='https://sessionserver.mojang.com', servicesHost='https://api.minecraftservices.com', name='PROD'
[22:42:13] [ServerMain/INFO]: Loaded 7 recipes
[22:42:14] [Server thread/INFO]: Starting minecraft server version 1.19.4
[22:42:14] [Server thread/INFO]: Loading properties
[22:42:14] [Server thread/INFO]: This server is running Purpur version git-Purpur-1968 (MC: 1.19.4) (Implementing API version 1.19.4-R0.1-SNAPSHOT) (Git: 54656e9 on HEAD)
[22:42:14] [Server thread/INFO]: Server Ping Player Sample Count: 12
[22:42:14] [Server thread/INFO]: Using 4 threads for Netty based IO
[22:42:14] [Server thread/WARN]: [!] The timings profiler has been enabled but has been scheduled for removal from Paper in the future.
    We recommend installing the spark profiler as a replacement: https://spark.lucko.me/
    For more information please visit: https://github.com/PaperMC/Paper/issues/8948
[22:42:14] [Server thread/INFO]: [ChunkTaskScheduler] Chunk system is using 1 I/O threads, 1 worker threads, and gen parallelism of 1 threads
[22:42:16] [Server thread/WARN]: [Pufferfish] SIMD operations are available for your server, but are not configured!
[22:42:16] [Server thread/WARN]: [Pufferfish] To enable additional optimizations, add "--add-modules=jdk.incubator.vector" to your startup flags, BEFORE the "-jar".
[22:42:16] [Server thread/WARN]: [Pufferfish] If you have already added this flag, then SIMD operations are not supported on your JVM or CPU.
[22:42:16] [Server thread/WARN]: [Pufferfish] Debug: Java: 17.0.7, test run: true
[22:42:16] [Server thread/INFO]: Default game type: SURVIVAL
[22:42:16] [Server thread/INFO]: Generating keypair
[22:42:16] [Server thread/INFO]: Starting Minecraft server on *:21000
[22:42:16] [Server thread/INFO]: Using default channel type
[22:42:16] [Server thread/INFO]: Paper: Using Java compression from Velocity.
[22:42:16] [Server thread/INFO]: Paper: Using Java cipher from Velocity.
[22:42:17] [Server thread/WARN]: [org.bukkit.craftbukkit.v1_19_R3.legacy.CraftLegacy] Initializing Legacy Material Support. Unless you have legacy plugins and/or data this is a bug!
[22:42:22] [Server thread/WARN]: Legacy plugin mProMessage v1.8 does not specify an api-version.
[22:42:23] [Server thread/INFO]: [ViaVersion] Loading server plugin ViaVersion v4.6.2
[22:42:23] [Server thread/INFO]: [ViaVersion] ViaVersion 4.6.2 is now loaded. Registering protocol transformers and injecting...
[22:42:23] [Via-Mappingloader-0/INFO]: [ViaVersion] Loading block connection mappings ...
[22:42:23] [Server thread/INFO]: [ViaBackwards] Loading translations...
[22:42:23] [Server thread/INFO]: [ViaBackwards] Registering protocols...
[22:42:24] [Server thread/INFO]: [ViaBackwards] Loading server plugin ViaBackwards v4.6.1
[22:42:24] [Server thread/INFO]: [spark] Loading server plugin spark v1.10.38
[22:42:24] [Server thread/INFO]: [ViaRewind] Loading server plugin ViaRewind v2.0.4-SNAPSHOT
[22:42:24] [Server thread/INFO]: [MyCommand] Loading server plugin MyCommand v5.7.3
[22:42:24] [Server thread/INFO]: [mProMessage] Loading server plugin mProMessage v1.8
[22:42:24] [Server thread/INFO]: Server permissions file permissions.yml is empty, ignoring it
[22:42:24] [Server thread/INFO]: [ViaRewind] Enabling ViaRewind v2.0.4-SNAPSHOT
[22:42:24] [Via-Mappingloader-0/INFO]: [ViaVersion] Using FastUtil Long2ObjectOpenHashMap for block connections
[22:42:24] [Server thread/WARN]: **** SERVER IS RUNNING IN OFFLINE/INSECURE MODE!
[22:42:24] [Server thread/WARN]: The server will make no attempt to authenticate usernames. Beware.
[22:42:24] [Server thread/WARN]: Whilst this makes it possible to use Velocity, unless access to your server is properly restricted, it also opens up the ability for hackers to connect with any username they choose.
[22:42:24] [Server thread/WARN]: Please see https://docs.papermc.io/velocity/security for further information.
[22:42:24] [Server thread/WARN]: To change this, set "online-mode" to "true" in the server.properties file.
[22:42:24] [Server thread/INFO]: Preparing level "world"
[22:42:26] [Server thread/INFO]: Preparing start region for dimension minecraft:overworld
[22:42:26] [Server thread/INFO]: Time elapsed: 259 ms
[22:42:26] [Server thread/INFO]: Preparing start region for dimension minecraft:the_nether
[22:42:26] [Server thread/INFO]: Time elapsed: 41 ms
[22:42:26] [Server thread/INFO]: Preparing start region for dimension minecraft:the_end
[22:42:26] [Server thread/INFO]: Time elapsed: 29 ms
[22:42:26] [Server thread/INFO]: [ViaVersion] Enabling ViaVersion v4.6.2
[22:42:26] [Server thread/INFO]: [ViaVersion] ViaVersion detected server version: 1.19.4 (762)
[22:42:26] [Server thread/INFO]: [ViaBackwards] Enabling ViaBackwards v4.6.1
[22:42:26] [Server thread/INFO]: [spark] Enabling spark v1.10.38
[22:42:27] [Server thread/INFO]: [spark] Using Paper ServerTickStartEvent for tick monitoring
[22:42:27] [Server thread/INFO]: [spark] Starting background profiler...
[22:42:27] [Server thread/INFO]: [spark] The async-profiler engine is not supported for your os/arch (windows10/amd64), so the built-in Java engine will be used instead.
[22:42:27] [Server thread/INFO]: [MyCommand] Enabling MyCommand v5.7.3
[22:42:27] [Server thread/INFO]: *-=-=-=-=-=-=-=-=-* MyCommand v.5.7.3*-=-=-=-=-=-=-=-=-=-*
[22:42:27] [Server thread/INFO]: | Vault plugin not found. Using BukkitPermissions
[22:42:27] [Server thread/INFO]: | No Economy support without Vault!
[22:42:27] [Server thread/INFO]: | Command file(s) found : 1
[22:42:27] [Server thread/INFO]: | Config : Ready.
[22:42:27] [Server thread/INFO]: | ProtocolLib not found.
[22:42:27] [Server thread/INFO]: | PlaceholderAPI: Not Found
[22:42:27] [Server thread/INFO]: | Custom commands loaded : 1
[22:42:27] [Server thread/INFO]: | You're running the latest version of MyCommand.
[22:42:27] [Server thread/INFO]: |          by emmerrei a.k.a. ivanfromitaly.           
[22:42:27] [Server thread/INFO]: *-=-=-=-=-=-=-=-=-=-*   Done!   *-=-=-=-=-=-=-=-=-=-=-*
[22:42:27] [Server thread/INFO]: [mProMessage] Enabling mProMessage v1.8*
[22:42:27] [Server thread/INFO]: Running delayed init tasks
[22:42:27] [Server thread/INFO]: Done (13.427s)! For help, type "help"
[22:42:27] [Craft Scheduler Thread - 2 - ViaVersion/INFO]: [ViaVersion] Finished mapping loading, shutting down loader executor!
[22:44:13] [User Authenticator #0/INFO]: UUID of player g1ngerbred is 6109ccd4-26f2-34c1-a453-e3e661473a3e
[22:44:13] [Server thread/INFO]: g1ngerbred[/192.168.0.102:51199] logged in with entity id 176 at ([world]-249.51078477348895, 80.0, -83.55791889528088)
[22:44:13] [Netty Server IO #1/WARN]: [ViaBackwards] Custom worlds heights are NOT SUPPORTED for 1.16 players and older and may lead to errors!
[22:44:13] [Netty Server IO #1/WARN]: [ViaBackwards] You have min/max set to -64/256
[22:44:32] [Server thread/INFO]: g1ngerbred issued server command: /time set 1200
[22:44:43] [Server thread/INFO]: Made g1ngerbred a server operator
[22:44:48] [Server thread/INFO]: g1ngerbred issued server command: /gm 1
[22:44:51] [Server thread/INFO]: g1ngerbred issued server command: /gamemode creative
[22:44:51] [Server thread/INFO]: [g1ngerbred: Set own game mode to Creative Mode]
[22:44:55] [Server thread/INFO]: g1ngerbred issued server command: /time set 1200
[22:44:55] [Server thread/INFO]: [g1ngerbred: Set the time to 1200]
[22:44:59] [Server thread/INFO]: g1ngerbred issued server command: /pl
[22:44:59] [Server thread/INFO]: g1ngerbred issued mycmd (plugins) command /pl
[22:45:28] [Server thread/INFO]: g1ngerbred lost connection: Disconnected
[22:52:42] [User Authenticator #1/INFO]: UUID of player g1ngerbred is 6109ccd4-26f2-34c1-a453-e3e661473a3e
[22:52:42] [Server thread/INFO]: g1ngerbred[/192.168.0.102:51396] logged in with entity id 593 at ([world]-277.3867930860581, 89.0, -113.12205182328894)
[22:53:38] [Server thread/INFO]: Made g1ngerbred no longer a server operator
[22:53:43] [Server thread/INFO]: g1ngerbred issued server command: /pl
[22:53:43] [Server thread/INFO]: g1ngerbred issued mycmd (plugins) command /pl
[22:53:53] [Server thread/INFO]: g1ngerbred issued server command: /pl
[22:53:53] [Server thread/INFO]: g1ngerbred issued mycmd (plugins) command /pl
[22:54:06] [Server thread/INFO]: Made g1ngerbred a server operator
[22:54:08] [Server thread/INFO]: Stopping the server
[22:54:08] [Server thread/INFO]: Stopping server
[22:54:08] [Server thread/INFO]: [mProMessage] Disabling mProMessage v1.8
[22:54:08] [Server thread/INFO]: [MyCommand] Disabling MyCommand v5.7.3
[22:54:08] [Server thread/INFO]: *-=-=-=-=-=-=-=-=-* MyCommand v.5.7.3*-=-=-=-=-=-=-=-=-=-*
[22:54:08] [Server thread/INFO]: | Tasks : Stopped all tasks.
[22:54:08] [Server thread/INFO]: *-=-=-=-=-=-=-=-=-=-*    Bye!   *-=-=-=-=-=-=-=-=-=-=-*
[22:54:08] [Server thread/INFO]: [ViaRewind] Disabling ViaRewind v2.0.4-SNAPSHOT
[22:54:08] [Server thread/INFO]: [spark] Disabling spark v1.10.38
[22:54:08] [Server thread/INFO]: [ViaBackwards] Disabling ViaBackwards v4.6.1
[22:54:08] [Server thread/INFO]: [ViaVersion] Disabling ViaVersion v4.6.2
[22:54:08] [Server thread/INFO]: [ViaVersion] ViaVersion is disabling, if this is a reload and you experience issues consider rebooting.
[22:54:08] [Server thread/INFO]: Saving players
[22:54:08] [Server thread/INFO]: g1ngerbred lost connection: Server closed
[22:54:08] [Server thread/INFO]: g1ngerbred left the game
[22:54:08] [Server thread/INFO]: Saving worlds
[22:54:08] [Server thread/INFO]: Saving chunks for level 'ServerLevel[world]'/minecraft:overworld
[22:54:08] [Server thread/INFO]: [ChunkHolderManager] Waiting 60s for chunk system to halt for world 'world'
[22:54:08] [Server thread/INFO]: [ChunkHolderManager] Halted chunk system for world 'world'
[22:54:08] [Server thread/INFO]: [ChunkHolderManager] Saving all chunkholders for world 'world'
[22:54:12] [Server thread/INFO]: [ChunkHolderManager] Saved 613 block chunks, 419 entity chunks, 0 poi chunks in world 'world' in 4,03s
[22:54:12] [Server thread/INFO]: ThreadedAnvilChunkStorage (world): All chunks are saved
[22:54:12] [Server thread/INFO]: Saving chunks for level 'ServerLevel[world_nether]'/minecraft:the_nether
[22:54:12] [Server thread/INFO]: [ChunkHolderManager] Waiting 60s for chunk system to halt for world 'world_nether'
[22:54:12] [Server thread/INFO]: [ChunkHolderManager] Halted chunk system for world 'world_nether'
[22:54:12] [Server thread/INFO]: [ChunkHolderManager] Saving all chunkholders for world 'world_nether'
[22:54:12] [Server thread/INFO]: [ChunkHolderManager] Saved 0 block chunks, 20 entity chunks, 0 poi chunks in world 'world_nether' in 0,04s
[22:54:12] [Server thread/INFO]: ThreadedAnvilChunkStorage (DIM-1): All chunks are saved
[22:54:12] [Server thread/INFO]: Saving chunks for level 'ServerLevel[world_the_end]'/minecraft:the_end
[22:54:12] [Server thread/INFO]: [ChunkHolderManager] Waiting 60s for chunk system to halt for world 'world_the_end'
[22:54:12] [Server thread/INFO]: [ChunkHolderManager] Halted chunk system for world 'world_the_end'
[22:54:12] [Server thread/INFO]: [ChunkHolderManager] Saving all chunkholders for world 'world_the_end'
[22:54:12] [Server thread/INFO]: [ChunkHolderManager] Saved 10 block chunks, 10 entity chunks, 0 poi chunks in world 'world_the_end' in 0,09s
[22:54:13] [Server thread/INFO]: ThreadedAnvilChunkStorage (DIM1): All chunks are saved
[22:54:13] [Server thread/INFO]: ThreadedAnvilChunkStorage: All dimensions are saved
[22:54:13] [Server thread/INFO]: Flushing Chunk IO
[22:54:13] [Server thread/INFO]: Closing Thread Pool
[22:54:13] [Server thread/INFO]: Closing Server
